<?xml version="1.0" encoding="UTF-8"?>
<!-- Generated by org.testng.reporters.JUnitReportReporter -->
<testsuite hostname="LAPTOP-PHOAP5KL" failures="0" tests="33" name="testrunner.MyTestRunner" time="137.951" errors="0" timestamp="2024-11-14T10:35:19 IST" skipped="0">
  <testcase classname="testrunner.MyTestRunner" name="runScenario" time="2.823"/>
  <testcase classname="testrunner.MyTestRunner" name="runScenario" time="6.004"/>
  <testcase classname="testrunner.MyTestRunner" name="runScenario" time="4.729"/>
  <testcase classname="testrunner.MyTestRunner" name="runScenario" time="3.035"/>
  <testcase classname="testrunner.MyTestRunner" name="runScenario" time="8.711"/>
  <testcase classname="testrunner.MyTestRunner" name="runScenario" time="6.174"/>
  <testcase classname="testrunner.MyTestRunner" name="runScenario" time="3.882"/>
  <testcase classname="testrunner.MyTestRunner" name="runScenario" time="3.563"/>
  <testcase classname="testrunner.MyTestRunner" name="runScenario" time="3.996"/>
  <testcase classname="testrunner.MyTestRunner" name="runScenario" time="2.634"/>
  <testcase classname="testrunner.MyTestRunner" name="runScenario" time="4.764"/>
  <testcase classname="testrunner.MyTestRunner" name="runScenario" time="4.989"/>
  <testcase classname="testrunner.MyTestRunner" name="runScenario" time="4.535"/>
  <testcase classname="testrunner.MyTestRunner" name="runScenario" time="3.075"/>
  <testcase classname="testrunner.MyTestRunner" name="runScenario" time="4.949"/>
  <testcase classname="testrunner.MyTestRunner" name="runScenario" time="4.436"/>
  <testcase classname="testrunner.MyTestRunner" name="runScenario" time="3.809"/>
  <testcase classname="testrunner.MyTestRunner" name="runScenario" time="7.010"/>
  <testcase classname="testrunner.MyTestRunner" name="runScenario" time="5.099"/>
  <testcase classname="testrunner.MyTestRunner" name="runScenario" time="3.528"/>
  <testcase classname="testrunner.MyTestRunner" name="runScenario" time="3.439"/>
  <testcase classname="testrunner.MyTestRunner" name="runScenario" time="3.248"/>
  <testcase classname="testrunner.MyTestRunner" name="runScenario" time="3.075"/>
  <testcase classname="testrunner.MyTestRunner" name="runScenario" time="3.689"/>
  <testcase classname="testrunner.MyTestRunner" name="runScenario" time="4.396"/>
  <testcase classname="testrunner.MyTestRunner" name="runScenario" time="6.144"/>
  <testcase classname="testrunner.MyTestRunner" name="runScenario" time="3.088"/>
  <testcase classname="testrunner.MyTestRunner" name="runScenario" time="3.523"/>
  <testcase classname="testrunner.MyTestRunner" name="runScenario" time="2.821"/>
  <testcase classname="testrunner.MyTestRunner" name="runScenario" time="2.512"/>
  <testcase classname="testrunner.MyTestRunner" name="runScenario" time="2.226"/>
  <testcase classname="testrunner.MyTestRunner" name="runScenario" time="3.524"/>
  <testcase classname="testrunner.MyTestRunner" name="runScenario" time="4.521"/>
</testsuite> <!-- testrunner.MyTestRunner -->
